info it worked if it ends with ok
verbose cli [ 'node', '/usr/bin/npm', 'install', 'chai' ]
info using npm@1.1.4
info using node@v0.6.12
verbose config file /home/robin/.npmrc
verbose config file /usr/etc/npmrc
verbose config file /usr/share/npm/npmrc
verbose caching /home/robin/Bureau/arduino/projects/Porcoduino/package.json
verbose loadDefaults Porcoduino@0.0.1
verbose from cache /home/robin/Bureau/arduino/projects/Porcoduino/package.json
verbose readDependencies: using package.json deps
verbose cache add [ 'chai', null ]
silly cache add: name, spec, args [ undefined, 'chai', [ 'chai', null ] ]
verbose parsed url { pathname: 'chai', path: 'chai', href: 'chai' }
verbose addNamed [ 'chai', '' ]
verbose addNamed [ null, '' ]
silly name, range, hasData [ 'chai', '', false ]
verbose raw, before any munging chai
verbose url resolving [ 'https://registry.npmjs.org/', './chai' ]
verbose url resolved https://registry.npmjs.org/chai
http GET https://registry.npmjs.org/chai
ERR! Error: failed to fetch from registry: chai
ERR!     at /usr/share/npm/lib/utils/npm-registry-client/get.js:139:12
ERR!     at cb (/usr/share/npm/lib/utils/npm-registry-client/request.js:31:9)
ERR!     at Request._callback (/usr/share/npm/lib/utils/npm-registry-client/request.js:136:18)
ERR!     at Request.callback (/usr/lib/nodejs/request/main.js:119:22)
ERR!     at Request.<anonymous> (/usr/lib/nodejs/request/main.js:212:58)
ERR!     at Request.emit (events.js:88:20)
ERR!     at ClientRequest.<anonymous> (/usr/lib/nodejs/request/main.js:412:12)
ERR!     at ClientRequest.emit (events.js:67:17)
ERR!     at HTTPParser.onIncoming (http.js:1261:11)
ERR!     at HTTPParser.onHeadersComplete (http.js:102:31)
ERR! You may report this log at:
ERR!     <http://bugs.debian.org/npm>
ERR! or use
ERR!     reportbug --attach /home/robin/Bureau/arduino/projects/Porcoduino/npm-debug.log npm
ERR! 
ERR! System Linux 3.2.0-70-generic-pae
ERR! command "node" "/usr/bin/npm" "install" "chai"
ERR! cwd /home/robin/Bureau/arduino/projects/Porcoduino
ERR! node -v v0.6.12
ERR! npm -v 1.1.4
ERR! message failed to fetch from registry: chai
verbose exit [ 1, true ]
